e:\tfs\sengine\gameengine\debug\gameengine.pch
e:\tfs\sengine\gameengine\debug\gameengine.pdb
e:\tfs\sengine\gameengine\debug\gameengine.idb
e:\tfs\sengine\gameengine\debug\precompiled.obj
e:\tfs\sengine\gameengine\debug\xmlreader.obj
e:\tfs\sengine\gameengine\debug\world.obj
e:\tfs\sengine\gameengine\debug\transformcomponent.obj
e:\tfs\sengine\gameengine\debug\terrain.obj
e:\tfs\sengine\gameengine\debug\skybox.obj
e:\tfs\sengine\gameengine\debug\service.obj
e:\tfs\sengine\gameengine\debug\quadtree.obj
e:\tfs\sengine\gameengine\debug\navigationservice.obj
e:\tfs\sengine\gameengine\debug\metaregistration.obj
e:\tfs\sengine\gameengine\debug\gameobjectfactory.obj
e:\tfs\sengine\gameengine\debug\gameobject.obj
e:\tfs\sengine\gameengine\debug\component.obj
e:\tfs\sengine\debug\gameengine.lib
e:\tfs\sengine\debug\gameengine.pdb
e:\tfs\sengine\gameengine\debug\gameengine.tlog\cl.command.1.tlog
e:\tfs\sengine\gameengine\debug\gameengine.tlog\cl.read.1.tlog
e:\tfs\sengine\gameengine\debug\gameengine.tlog\cl.write.1.tlog
e:\tfs\sengine\gameengine\debug\gameengine.tlog\lib-link.read.1.tlog
e:\tfs\sengine\gameengine\debug\gameengine.tlog\lib-link.write.1.tlog
e:\tfs\sengine\gameengine\debug\gameengine.tlog\lib.command.1.tlog
