e:\tfs\sengine\graphics\debug\graphics.pdb
e:\tfs\sengine\graphics\debug\graphics.idb
e:\tfs\sengine\graphics\debug\modelloader.obj
e:\tfs\sengine\graphics\debug\model.obj
e:\tfs\sengine\graphics\debug\meshbuilder.obj
e:\tfs\sengine\graphics\debug\meshbuffer.obj
e:\tfs\sengine\graphics\debug\graphics.pch
e:\tfs\sengine\graphics\debug\precompiled.obj
e:\tfs\sengine\graphics\debug\vertexshader.obj
e:\tfs\sengine\graphics\debug\texture.obj
e:\tfs\sengine\graphics\debug\simpledraw.obj
e:\tfs\sengine\graphics\debug\sampler.obj
e:\tfs\sengine\graphics\debug\rendertarget.obj
e:\tfs\sengine\graphics\debug\rasterizerstate.obj
e:\tfs\sengine\graphics\debug\pixelshader.obj
e:\tfs\sengine\graphics\debug\gui.obj
e:\tfs\sengine\graphics\debug\graphicssystem.obj
e:\tfs\sengine\graphics\debug\constantbuffer.obj
e:\tfs\sengine\graphics\debug\camera.obj
e:\tfs\sengine\graphics\debug\animationio.obj
e:\tfs\sengine\graphics\debug\animationclip.obj
e:\tfs\sengine\graphics\debug\animationbuilder.obj
e:\tfs\sengine\graphics\debug\animation.obj
e:\tfs\sengine\debug\graphics.lib
e:\tfs\sengine\debug\graphics.pdb
e:\tfs\sengine\graphics\debug\graphics.tlog\cl.command.1.tlog
e:\tfs\sengine\graphics\debug\graphics.tlog\cl.read.1.tlog
e:\tfs\sengine\graphics\debug\graphics.tlog\cl.write.1.tlog
e:\tfs\sengine\graphics\debug\graphics.tlog\lib-link.read.1.tlog
e:\tfs\sengine\graphics\debug\graphics.tlog\lib-link.write.1.tlog
e:\tfs\sengine\graphics\debug\graphics.tlog\lib.command.1.tlog
