e:\tfs\sengine\core\debug\core.pdb
e:\tfs\sengine\core\debug\core.idb
e:\tfs\sengine\core\debug\window.obj
e:\tfs\sengine\core\debug\metatype.obj
e:\tfs\sengine\core\debug\metaregistry.obj
e:\tfs\sengine\core\debug\metaregistration.obj
e:\tfs\sengine\core\debug\metafield.obj
e:\tfs\sengine\core\debug\metaclass.obj
e:\tfs\sengine\core\debug\meta.obj
e:\tfs\sengine\core\debug\blockallocator.obj
e:\tfs\sengine\core\debug\application.obj
e:\tfs\sengine\core\debug\core.pch
e:\tfs\sengine\core\debug\precompiled.obj
e:\tfs\sengine\debug\core.lib
e:\tfs\sengine\debug\core.pdb
e:\tfs\sengine\core\debug\core.tlog\cl.command.1.tlog
e:\tfs\sengine\core\debug\core.tlog\cl.read.1.tlog
e:\tfs\sengine\core\debug\core.tlog\cl.write.1.tlog
e:\tfs\sengine\core\debug\core.tlog\lib-link.read.1.tlog
e:\tfs\sengine\core\debug\core.tlog\lib-link.write.1.tlog
e:\tfs\sengine\core\debug\core.tlog\lib.command.1.tlog
